<?xml version="1.0" encoding="UTF-8"?>
<!-- Generated by org.testng.reporters.JUnitXMLReporter -->
<testsuite ignored="0" hostname="DESKTOP-FJDSB4Q" failures="0" tests="3" name="Test" time="0.062" errors="0" timestamp="2021-11-22T21:44:20 IST">
  <testcase classname="testNGFramework.GroupsInTestNG" name="createAccount" time="0.011"/>
  <testcase classname="testNGFramework.GroupsInTestNG" name="loginTest" time="0.003"/>
  <testcase classname="testNGFramework.GroupsInTestNG" name="register" time="0.001"/>
</testsuite> <!-- Test -->
