<?xml version="1.0" encoding="UTF-8"?>
<!-- Generated by org.testng.reporters.JUnitXMLReporter -->
<testsuite ignored="0" hostname="DESKTOP-FJDSB4Q" failures="1" tests="1" name="parameter test" time="0.054" errors="0" timestamp="2021-11-26T13:36:28 IST">
  <testcase classname="testNGFramework.ParameterTestInTestNG" name="logintest" time="0.009">
    <failure type="java.lang.Error" message="Unresolved compilation problem: 
	passward cannot be resolved to a variable
">
      <![CDATA[java.lang.Error: Unresolved compilation problem: 
passward cannot be resolved to a variable

at testNGFramework.ParameterTestInTestNG.logintest(ParameterTestInTestNG.java:12)
at java.base/java.util.ArrayList.forEach(ArrayList.java:1511)
... Removed 27 stack frames]]>
    </failure>
  </testcase> <!-- logintest -->
</testsuite> <!-- parameter test -->
