<?xml version="1.0" encoding="UTF-8"?>
<!-- Generated by org.testng.reporters.JUnitXMLReporter -->
<testsuite ignored="0" hostname="DESKTOP-FJDSB4Q" failures="0" tests="4" name="Default test" time="0.082" errors="0" timestamp="2021-11-27T11:31:19 IST">
  <testcase classname="testNGFramework.DDTestInTesrNG" name="createtest" time="0.007"/>
  <testcase classname="testNGFramework.DDTestInTesrNG" name="createtest" time="0.002"/>
  <testcase classname="testNGFramework.DDTestInTesrNG" name="getdata" time="0.006"/>
  <testcase classname="testNGFramework.DDTestInTesrNG" name="getdata" time="0.001"/>
</testsuite> <!-- Default test -->
