<?xml version="1.0" encoding="UTF-8"?>
<!-- Generated by org.testng.reporters.JUnitXMLReporter -->
<testsuite ignored="2" hostname="DESKTOP-FJDSB4Q" failures="0" tests="2" name="Default test(failed)(failed)" time="0.059" errors="0" timestamp="2021-11-26T12:41:33 IST">
  <testcase classname="testNGFramework.ExecutionFailedTestInTestNG" name="test4" time="0.009"/>
  <testcase classname="testNGFramework.ExecutionFailedTestInTestNG" name="test2" time="0.002"/>
  <testcase classname="testNGFramework.ExecutionFailedTestInTestNG" name="test3" time="0.0">
    <ignored/>
  </testcase> <!-- test3 -->
  <testcase classname="testNGFramework.ExecutionFailedTestInTestNG" name="test1" time="0.0">
    <ignored/>
  </testcase> <!-- test1 -->
</testsuite> <!-- Default test(failed)(failed) -->
